Using pre-set license
Built from '2021.3/staging' branch; Version is '2021.3.16f1 (4016570cf34f) revision 4200023'; Using compiler version '192829333'; Build Type 'Release'
OS: 'Windows 10  (10.0.19044) 64bit Professional' Language: 'ru' Physical Memory: 16308 MB
BatchMode: 1, IsHumanControllingUs: 0, StartBugReporterOnCrash: 0, Is64bit: 1, IsPro: 1

COMMAND LINE ARGUMENTS:
G:\Unity\Installs\2021.3.16f1\Editor\Unity.exe
-adb2
-batchMode
-noUpm
-name
AssetImportWorker1
-projectPath
G:/Unity/Unity/3rd lesson
-logFile
Logs/AssetImportWorker1.log
-srvPort
62507
Successfully changed project path to: G:/Unity/Unity/3rd lesson
G:/Unity/Unity/3rd lesson
[UnityMemory] Configuration Parameters - Can be set up in boot.config
    "memorysetup-bucket-allocator-granularity=16"
    "memorysetup-bucket-allocator-bucket-count=8"
    "memorysetup-bucket-allocator-block-size=33554432"
    "memorysetup-bucket-allocator-block-count=8"
    "memorysetup-main-allocator-block-size=16777216"
    "memorysetup-thread-allocator-block-size=16777216"
    "memorysetup-gfx-main-allocator-block-size=16777216"
    "memorysetup-gfx-thread-allocator-block-size=16777216"
    "memorysetup-cache-allocator-block-size=4194304"
    "memorysetup-typetree-allocator-block-size=2097152"
    "memorysetup-profiler-bucket-allocator-granularity=16"
    "memorysetup-profiler-bucket-allocator-bucket-count=8"
    "memorysetup-profiler-bucket-allocator-block-size=33554432"
    "memorysetup-profiler-bucket-allocator-block-count=8"
    "memorysetup-profiler-allocator-block-size=16777216"
    "memorysetup-profiler-editor-allocator-block-size=1048576"
    "memorysetup-temp-allocator-size-main=16777216"
    "memorysetup-job-temp-allocator-block-size=2097152"
    "memorysetup-job-temp-allocator-block-size-background=1048576"
    "memorysetup-job-temp-allocator-reduction-small-platforms=262144"
    "memorysetup-temp-allocator-size-background-worker=32768"
    "memorysetup-temp-allocator-size-job-worker=262144"
    "memorysetup-temp-allocator-size-preload-manager=33554432"
    "memorysetup-temp-allocator-size-nav-mesh-worker=65536"
    "memorysetup-temp-allocator-size-audio-worker=65536"
    "memorysetup-temp-allocator-size-cloud-worker=32768"
    "memorysetup-temp-allocator-size-gi-baking-worker=262144"
    "memorysetup-temp-allocator-size-gfx=262144"
Player connection [29640] Host "[IP] 192.168.9.99 [Port] 0 [Flags] 2 [Guid] 1513282257 [EditorId] 1513282257 [Version] 1048832 [Id] WindowsEditor(7,DESKTOP-38DBUI6) [Debug] 1 [PackageName] WindowsEditor [ProjectName] Editor" joined multi-casting on [225.0.0.222:54997]...

Player connection [29640] Host "[IP] 192.168.9.99 [Port] 0 [Flags] 2 [Guid] 1513282257 [EditorId] 1513282257 [Version] 1048832 [Id] WindowsEditor(7,DESKTOP-38DBUI6) [Debug] 1 [PackageName] WindowsEditor [ProjectName] Editor" joined alternative multi-casting on [225.0.0.222:34997]...

Refreshing native plugins compatible for Editor in 95.38 ms, found 3 plugins.
Preloading 0 native plugins for Editor in 0.00 ms.
Initialize engine version: 2021.3.16f1 (4016570cf34f)
[Subsystems] Discovering subsystems at path G:/Unity/Installs/2021.3.16f1/Editor/Data/Resources/UnitySubsystems
[Subsystems] Discovering subsystems at path G:/Unity/Unity/3rd lesson/Assets
GfxDevice: creating device client; threaded=0; jobified=0
Direct3D:
    Version:  Direct3D 11.0 [level 11.1]
    Renderer: NVIDIA GeForce GTX 1650 SUPER (ID=0x2187)
    Vendor:   NVIDIA
    VRAM:     3955 MB
    Driver:   31.0.15.1694
Initialize mono
Mono path[0] = 'G:/Unity/Installs/2021.3.16f1/Editor/Data/Managed'
Mono path[1] = 'G:/Unity/Installs/2021.3.16f1/Editor/Data/MonoBleedingEdge/lib/mono/unityjit-win32'
Mono config path = 'G:/Unity/Installs/2021.3.16f1/Editor/Data/MonoBleedingEdge/etc'
Using monoOptions --debugger-agent=transport=dt_socket,embedding=1,server=y,suspend=n,address=127.0.0.1:56636
Begin MonoManager ReloadAssembly
Registering precompiled unity dll's ...
Register platform support module: G:/Unity/Installs/2021.3.16f1/Editor/Data/PlaybackEngines/AndroidPlayer/UnityEditor.Android.Extensions.dll
Register platform support module: G:/Unity/Installs/2021.3.16f1/Editor/Data/PlaybackEngines/iOSSupport/UnityEditor.iOS.Extensions.dll
Register platform support module: G:/Unity/Installs/2021.3.16f1/Editor/Data/PlaybackEngines/WindowsStandaloneSupport/UnityEditor.WindowsStandalone.Extensions.dll
Registered in 0.003698 seconds.
Native extension for WindowsStandalone target not found
[usbmuxd] Start listen thread
[usbmuxd] Listen thread started
[usbmuxd] Send listen message
Native extension for iOS target not found
Native extension for Android target not found
Refreshing native plugins compatible for Editor in 89.57 ms, found 3 plugins.
Preloading 0 native plugins for Editor in 0.00 ms.
Mono: successfully reloaded assembly
- Completed reload, in  0.720 seconds
Domain Reload Profiling:
	ReloadAssembly (721ms)
		BeginReloadAssembly (62ms)
			ExecutionOrderSort (0ms)
			DisableScriptedObjects (0ms)
			BackupInstance (0ms)
			ReleaseScriptingObjects (0ms)
			CreateAndSetChildDomain (1ms)
		EndReloadAssembly (537ms)
			LoadAssemblies (62ms)
			RebuildTransferFunctionScriptingTraits (0ms)
			SetupTypeCache (125ms)
			ReleaseScriptCaches (0ms)
			RebuildScriptCaches (29ms)
			SetupLoadedEditorAssemblies (329ms)
				LogAssemblyErrors (0ms)
				InitializePlatformSupportModulesInManaged (71ms)
				SetLoadedEditorAssemblies (0ms)
				RefreshPlugins (90ms)
				BeforeProcessingInitializeOnLoad (1ms)
				ProcessInitializeOnLoadAttributes (113ms)
				ProcessInitializeOnLoadMethodAttributes (53ms)
				AfterProcessingInitializeOnLoad (0ms)
				EditorAssembliesLoaded (0ms)
			ExecutionOrderSort2 (0ms)
			AwakeInstancesAfterBackupRestoration (0ms)
Platform modules already initialized, skipping
Registering precompiled user dll's ...
Registered in 0.004363 seconds.
Begin MonoManager ReloadAssembly
Symbol file LoadedFromMemory doesn't match image G:\Unity\Unity\3rd lesson\Library\PackageCache\com.unity.visualscripting@1.7.8\Editor\VisualScripting.Core\Dependencies\YamlDotNet\Unity.VisualScripting.YamlDotNet.dll
Symbol file LoadedFromMemory doesn't match image G:\Unity\Unity\3rd lesson\Library\PackageCache\com.unity.visualscripting@1.7.8\Editor\VisualScripting.Core\Dependencies\DotNetZip\Unity.VisualScripting.IonicZip.dll
Native extension for WindowsStandalone target not found
Native extension for iOS target not found
Native extension for Android target not found
Refreshing native plugins compatible for Editor in 0.49 ms, found 3 plugins.
Preloading 0 native plugins for Editor in 0.00 ms.
Mono: successfully reloaded assembly
- Completed reload, in  1.195 seconds
Domain Reload Profiling:
	ReloadAssembly (1196ms)
		BeginReloadAssembly (221ms)
			ExecutionOrderSort (0ms)
			DisableScriptedObjects (8ms)
			BackupInstance (0ms)
			ReleaseScriptingObjects (0ms)
			CreateAndSetChildDomain (132ms)
		EndReloadAssembly (856ms)
			LoadAssemblies (72ms)
			RebuildTransferFunctionScriptingTraits (0ms)
			SetupTypeCache (311ms)
			ReleaseScriptCaches (1ms)
			RebuildScriptCaches (47ms)
			SetupLoadedEditorAssemblies (387ms)
				LogAssemblyErrors (0ms)
				InitializePlatformSupportModulesInManaged (27ms)
				SetLoadedEditorAssemblies (0ms)
				RefreshPlugins (1ms)
				BeforeProcessingInitializeOnLoad (93ms)
				ProcessInitializeOnLoadAttributes (238ms)
				ProcessInitializeOnLoadMethodAttributes (25ms)
				AfterProcessingInitializeOnLoad (4ms)
				EditorAssembliesLoaded (0ms)
			ExecutionOrderSort2 (0ms)
			AwakeInstancesAfterBackupRestoration (9ms)
Platform modules already initialized, skipping
========================================================================
Worker process is ready to serve import requests
Launched and connected shader compiler UnityShaderCompiler.exe after 0.05 seconds
Refreshing native plugins compatible for Editor in 0.66 ms, found 3 plugins.
Preloading 0 native plugins for Editor in 0.00 ms.
Unloading 3361 Unused Serialized files (Serialized files now loaded: 0)
Unloading 27 unused Assets / (113.4 KB). Loaded Objects now: 3821.
Memory consumption went from 115.7 MB to 115.6 MB.
Total: 2.677800 ms (FindLiveObjects: 0.249200 ms CreateObjectMapping: 0.187900 ms MarkObjects: 2.147700 ms  DeleteObjects: 0.091800 ms)

AssetImportParameters requested are different than current active one (requested -> active):
  custom:video-decoder-ogg-theora: a1e56fd34408186e4bbccfd4996cb3dc -> 
  custom:container-muxer-webm: aa71ff27fc2769a1b78a27578f13a17b -> 
  custom:container-demuxer-webm: 4f35f7cbe854078d1ac9338744f61a02 -> 
  custom:video-encoder-webm-vp8: eb34c28f22e8b96e1ab97ce403110664 -> 
  custom:audio-encoder-webm-vorbis: bf7c407c2cedff20999df2af8eb42d56 -> 
  custom:framework-win-MediaFoundation: 216162199b28c13a410421893ffa2e32 -> 
  custom:container-demuxer-ogg: 62fdf1f143b41e24485cea50d1cbac27 -> 
  custom:video-decoder-webm-vp8: 9c59270c3fd7afecdb556c50c9e8de78 -> 
  custom:audio-decoder-ogg-vorbis: bf7c407c2cedff20999df2af8eb42d56 -> 
========================================================================
Received Import Request.
  Time since last request: 1042846.338088 seconds.
  path: Assets/PNG/PNG/barVertical_green_bottom.png
  artifactKey: Guid(cab5a55e43cb3a84892c149a6b6abec0) Importer(815301076,1909f56bfc062723c751e8b465ee728b)
Start importing Assets/PNG/PNG/barVertical_green_bottom.png using Guid(cab5a55e43cb3a84892c149a6b6abec0) Importer(815301076,1909f56bfc062723c751e8b465ee728b)  -> (artifact id: '9a311316de84aeeeaa88222fc59080d0') in 0.066973 seconds 
========================================================================
Received Import Request.
  Time since last request: 0.000022 seconds.
  path: Assets/PNG/PNG/barHorizontal_blue_left.png
  artifactKey: Guid(5f61a934aadef674cb7ea26b1e012111) Importer(815301076,1909f56bfc062723c751e8b465ee728b)
Start importing Assets/PNG/PNG/barHorizontal_blue_left.png using Guid(5f61a934aadef674cb7ea26b1e012111) Importer(815301076,1909f56bfc062723c751e8b465ee728b)  -> (artifact id: '4bd321990804685916b8d42b9a9ceac2') in 0.005877 seconds 
========================================================================
Received Import Request.
  Time since last request: 0.000018 seconds.
  path: Assets/PNG/PNG/glassPanel_cornerTR.png
  artifactKey: Guid(f1cf8ea0257fc7040b4e4ba0f62d6702) Importer(815301076,1909f56bfc062723c751e8b465ee728b)
Start importing Assets/PNG/PNG/glassPanel_cornerTR.png using Guid(f1cf8ea0257fc7040b4e4ba0f62d6702) Importer(815301076,1909f56bfc062723c751e8b465ee728b)  -> (artifact id: '4e263a688b256c87c0608b320b010ac6') in 0.007356 seconds 
========================================================================
Received Import Request.
  Time since last request: 0.000024 seconds.
  path: Assets/PNG/PNG
  artifactKey: Guid(4693265d83b4bfe43af00c7d51bd267f) Importer(815301076,1909f56bfc062723c751e8b465ee728b)
Start importing Assets/PNG/PNG using Guid(4693265d83b4bfe43af00c7d51bd267f) Importer(815301076,1909f56bfc062723c751e8b465ee728b)  -> (artifact id: '22f86000b4fb01c077e2a20d9875fc4b') in 0.001661 seconds 
========================================================================
Received Import Request.
  Time since last request: 0.000030 seconds.
  path: Assets/PNG/PNG/barVertical_green_top.png
  artifactKey: Guid(5e8b8c9275299f543a1ba35d6c85006f) Importer(815301076,1909f56bfc062723c751e8b465ee728b)
Start importing Assets/PNG/PNG/barVertical_green_top.png using Guid(5e8b8c9275299f543a1ba35d6c85006f) Importer(815301076,1909f56bfc062723c751e8b465ee728b)  -> (artifact id: '15ba8a85f9ce3018bcad966a763f5002') in 0.005986 seconds 
========================================================================
Received Import Request.
  Time since last request: 0.000021 seconds.
  path: Assets/PNG/PNG/crossair_black.png
  artifactKey: Guid(3ef84771fc47f9f44a7dbef91565e862) Importer(815301076,1909f56bfc062723c751e8b465ee728b)
Start importing Assets/PNG/PNG/crossair_black.png using Guid(3ef84771fc47f9f44a7dbef91565e862) Importer(815301076,1909f56bfc062723c751e8b465ee728b)  -> (artifact id: '6e32f60d8563baeb2b9243f8fd7ab6b3') in 0.006471 seconds 
========================================================================
Received Import Request.
  Time since last request: 0.000019 seconds.
  path: Assets/PNG/PNG/cursor_pointerFlat_shadow.png
  artifactKey: Guid(3f2a2e33a85704a41ae77883929e98ca) Importer(815301076,1909f56bfc062723c751e8b465ee728b)
Start importing Assets/PNG/PNG/cursor_pointerFlat_shadow.png using Guid(3f2a2e33a85704a41ae77883929e98ca) Importer(815301076,1909f56bfc062723c751e8b465ee728b)  -> (artifact id: '5416e929a519a23173a3caf45ebb78b3') in 0.007135 seconds 
========================================================================
Received Import Request.
  Time since last request: 0.000027 seconds.
  path: Assets/PNG/PNG/barHorizontal_shadow_right.png
  artifactKey: Guid(e511b354ed5cede41bba75a9106f81ad) Importer(815301076,1909f56bfc062723c751e8b465ee728b)
Start importing Assets/PNG/PNG/barHorizontal_shadow_right.png using Guid(e511b354ed5cede41bba75a9106f81ad) Importer(815301076,1909f56bfc062723c751e8b465ee728b)  -> (artifact id: 'b737d356c69fc74cc665a545e957d149') in 0.007534 seconds 
========================================================================
Received Import Request.
  Time since last request: 0.000028 seconds.
  path: Assets/PNG/PNG/barHorizontal_blue_right.png
  artifactKey: Guid(7acf95a466fb0b345841f9a4c154f439) Importer(815301076,1909f56bfc062723c751e8b465ee728b)
Start importing Assets/PNG/PNG/barHorizontal_blue_right.png using Guid(7acf95a466fb0b345841f9a4c154f439) Importer(815301076,1909f56bfc062723c751e8b465ee728b)  -> (artifact id: 'c52c111bfb667587cd625883ef254b0b') in 0.006937 seconds 
========================================================================
Received Import Request.
  Time since last request: 0.000024 seconds.
  path: Assets/PNG/PNG/glassPanel_cornerBL.png
  artifactKey: Guid(b58df843cd548584b996f1444f0b2efd) Importer(815301076,1909f56bfc062723c751e8b465ee728b)
Start importing Assets/PNG/PNG/glassPanel_cornerBL.png using Guid(b58df843cd548584b996f1444f0b2efd) Importer(815301076,1909f56bfc062723c751e8b465ee728b)  -> (artifact id: '20e7195001b5da6456705dd2ce06bcf5') in 0.009182 seconds 
========================================================================
Received Import Request.
  Time since last request: 0.000027 seconds.
  path: Assets/PNG/PNG/barHorizontal_green_mid.png
  artifactKey: Guid(35d1f6553e479f14d82c17fc0a978fd7) Importer(815301076,1909f56bfc062723c751e8b465ee728b)
Start importing Assets/PNG/PNG/barHorizontal_green_mid.png using Guid(35d1f6553e479f14d82c17fc0a978fd7) Importer(815301076,1909f56bfc062723c751e8b465ee728b)  -> (artifact id: '306c0083478a1dc6bf8247abf5f14ade') in 0.007715 seconds 
========================================================================
Received Import Request.
  Time since last request: 0.000053 seconds.
  path: Assets/PNG/PNG/dotBlue.png
  artifactKey: Guid(f4be8d2d66d5f8e4590c435782c36e28) Importer(815301076,1909f56bfc062723c751e8b465ee728b)
Start importing Assets/PNG/PNG/dotBlue.png using Guid(f4be8d2d66d5f8e4590c435782c36e28) Importer(815301076,1909f56bfc062723c751e8b465ee728b)  -> (artifact id: '8ffd016ffdb163e362c78596593327fd') in 0.007098 seconds 
========================================================================
Received Import Request.
  Time since last request: 0.000020 seconds.
  path: Assets/PNG/PNG/barHorizontal_yellow_left.png
  artifactKey: Guid(330eadfb60887f745b254ca412169fd6) Importer(815301076,1909f56bfc062723c751e8b465ee728b)
Start importing Assets/PNG/PNG/barHorizontal_yellow_left.png using Guid(330eadfb60887f745b254ca412169fd6) Importer(815301076,1909f56bfc062723c751e8b465ee728b)  -> (artifact id: '7848feb3f50c000d328dcdca54f63242') in 0.005901 seconds 
========================================================================
Received Import Request.
  Time since last request: 0.000023 seconds.
  path: Assets/PNG/PNG/barVertical_shadow_bottom.png
  artifactKey: Guid(ac36e2bc7e8f28e468f2f9419659e358) Importer(815301076,1909f56bfc062723c751e8b465ee728b)
Start importing Assets/PNG/PNG/barVertical_shadow_bottom.png using Guid(ac36e2bc7e8f28e468f2f9419659e358) Importer(815301076,1909f56bfc062723c751e8b465ee728b)  -> (artifact id: '098cc66d5fd4e2462efecd21abdd8e84') in 0.005805 seconds 
========================================================================
Received Import Request.
  Time since last request: 0.000018 seconds.
  path: Assets/PNG/PNG/barVertical_green_mid.png
  artifactKey: Guid(d56bdc8e2b1d2a44eb8a57b3ce214daa) Importer(815301076,1909f56bfc062723c751e8b465ee728b)
Start importing Assets/PNG/PNG/barVertical_green_mid.png using Guid(d56bdc8e2b1d2a44eb8a57b3ce214daa) Importer(815301076,1909f56bfc062723c751e8b465ee728b)  -> (artifact id: '128b8772e702c19b0861eacda49e1667') in 0.006530 seconds 
========================================================================
Received Import Request.
  Time since last request: 0.000025 seconds.
  path: Assets/PNG/PNG/barVertical_yellow_mid.png
  artifactKey: Guid(70f12b3f9efcfa840846dab9c1610335) Importer(815301076,1909f56bfc062723c751e8b465ee728b)
Start importing Assets/PNG/PNG/barVertical_yellow_mid.png using Guid(70f12b3f9efcfa840846dab9c1610335) Importer(815301076,1909f56bfc062723c751e8b465ee728b)  -> (artifact id: 'e9f65460b8a562b0519d71789addc7f4') in 0.005247 seconds 
========================================================================
Received Import Request.
  Time since last request: 0.000027 seconds.
  path: Assets/PNG/PNG/barVertical_yellow_top.png
  artifactKey: Guid(2e14f340a02eed34582a21112b9e0a91) Importer(815301076,1909f56bfc062723c751e8b465ee728b)
Start importing Assets/PNG/PNG/barVertical_yellow_top.png using Guid(2e14f340a02eed34582a21112b9e0a91) Importer(815301076,1909f56bfc062723c751e8b465ee728b)  -> (artifact id: 'fe626143f21a019073e0b38c204a6c67') in 0.007233 seconds 
========================================================================
Received Import Request.
  Time since last request: 0.000019 seconds.
  path: Assets/PNG/PNG/barHorizontal_yellow_mid.png
  artifactKey: Guid(2e9647b99ef9b4d468c7b9cd9b47ca7e) Importer(815301076,1909f56bfc062723c751e8b465ee728b)
Start importing Assets/PNG/PNG/barHorizontal_yellow_mid.png using Guid(2e9647b99ef9b4d468c7b9cd9b47ca7e) Importer(815301076,1909f56bfc062723c751e8b465ee728b)  -> (artifact id: 'ccd27cdb36d7363648bd5b336ed0a765') in 0.006127 seconds 
========================================================================
Received Import Request.
  Time since last request: 13.520709 seconds.
  path: Assets/PNG 1/barHorizontal_blue_right.png
  artifactKey: Guid(3322926981b20a049870a80450418719) Importer(815301076,1909f56bfc062723c751e8b465ee728b)
Start importing Assets/PNG 1/barHorizontal_blue_right.png using Guid(3322926981b20a049870a80450418719) Importer(815301076,1909f56bfc062723c751e8b465ee728b)  -> (artifact id: 'b5a4e238cdd9d0844bb8199a833d3911') in 0.004886 seconds 
========================================================================
Received Import Request.
  Time since last request: 0.000020 seconds.
  path: Assets/PNG 1/barHorizontal_white_mid.png
  artifactKey: Guid(d0e5441e60f84b34f87c3baef0e93083) Importer(815301076,1909f56bfc062723c751e8b465ee728b)
Start importing Assets/PNG 1/barHorizontal_white_mid.png using Guid(d0e5441e60f84b34f87c3baef0e93083) Importer(815301076,1909f56bfc062723c751e8b465ee728b)  -> (artifact id: '8d92161028059e7980bd61e731f32ec1') in 0.004976 seconds 
========================================================================
Received Import Request.
  Time since last request: 0.000026 seconds.
  path: Assets/PNG 1/barHorizontal_white_right.png
  artifactKey: Guid(9bae4b70a2d7e2d41832cc93472b4516) Importer(815301076,1909f56bfc062723c751e8b465ee728b)
Start importing Assets/PNG 1/barHorizontal_white_right.png using Guid(9bae4b70a2d7e2d41832cc93472b4516) Importer(815301076,1909f56bfc062723c751e8b465ee728b)  -> (artifact id: 'efa49be43941b5159993b8d3422254e7') in 0.005664 seconds 
========================================================================
Received Import Request.
  Time since last request: 0.000021 seconds.
  path: Assets/PNG 1/barVertical_green_bottom.png
  artifactKey: Guid(c8227688d239a364092890ed2be40929) Importer(815301076,1909f56bfc062723c751e8b465ee728b)
Start importing Assets/PNG 1/barVertical_green_bottom.png using Guid(c8227688d239a364092890ed2be40929) Importer(815301076,1909f56bfc062723c751e8b465ee728b)  -> (artifact id: '7e9c69bd0a22b08dc0d3b1a3bd2bb67d') in 0.005986 seconds 
========================================================================
Received Import Request.
  Time since last request: 0.000022 seconds.
  path: Assets/PNG 1/barHorizontal_yellow_mid.png
  artifactKey: Guid(2bceb3363d73afc46845758db26b5baf) Importer(815301076,1909f56bfc062723c751e8b465ee728b)
Start importing Assets/PNG 1/barHorizontal_yellow_mid.png using Guid(2bceb3363d73afc46845758db26b5baf) Importer(815301076,1909f56bfc062723c751e8b465ee728b)  -> (artifact id: 'b1f1857463d25553d28d8a9e87fb6f5b') in 0.004973 seconds 
========================================================================
Received Import Request.
  Time since last request: 0.000019 seconds.
  path: Assets/PNG 1/barHorizontal_shadow_right.png
  artifactKey: Guid(279fcf6af6d0a324f87c12e87cbd5c99) Importer(815301076,1909f56bfc062723c751e8b465ee728b)
Start importing Assets/PNG 1/barHorizontal_shadow_right.png using Guid(279fcf6af6d0a324f87c12e87cbd5c99) Importer(815301076,1909f56bfc062723c751e8b465ee728b)  -> (artifact id: '7e8adc72ed0f0df4af34550f6937da36') in 0.004055 seconds 
========================================================================
Received Import Request.
  Time since last request: 0.000022 seconds.
  path: Assets/PNG 1/barVertical_green_top.png
  artifactKey: Guid(b8cdd4e46bd69524ab51de60217f9140) Importer(815301076,1909f56bfc062723c751e8b465ee728b)
Start importing Assets/PNG 1/barVertical_green_top.png using Guid(b8cdd4e46bd69524ab51de60217f9140) Importer(815301076,1909f56bfc062723c751e8b465ee728b)  -> (artifact id: '28c01d8fd455fc4012b55ef1d5d753bf') in 0.005349 seconds 
========================================================================
Received Import Request.
  Time since last request: 0.000030 seconds.
  path: Assets/PNG 1/barVertical_green_mid.png
  artifactKey: Guid(1dd3a8e9cbba18d4ab1cee86926c8b4d) Importer(815301076,1909f56bfc062723c751e8b465ee728b)
Start importing Assets/PNG 1/barVertical_green_mid.png using Guid(1dd3a8e9cbba18d4ab1cee86926c8b4d) Importer(815301076,1909f56bfc062723c751e8b465ee728b)  -> (artifact id: '766e021b010a5369ef864e92f253beec') in 0.004613 seconds 
========================================================================
Received Import Request.
  Time since last request: 18.045270 seconds.
  path: Assets/PNG/barHorizontal_blue_right.png
  artifactKey: Guid(9d4bda9f882004b4bb8c576cbf4c1b01) Importer(815301076,1909f56bfc062723c751e8b465ee728b)
Start importing Assets/PNG/barHorizontal_blue_right.png using Guid(9d4bda9f882004b4bb8c576cbf4c1b01) Importer(815301076,1909f56bfc062723c751e8b465ee728b)  -> (artifact id: '700cdbf9afb98545cd6d2351ddff4625') in 0.006961 seconds 
========================================================================
Received Import Request.
  Time since last request: 0.000035 seconds.
  path: Assets/PNG/barHorizontal_shadow_left.png
  artifactKey: Guid(a1460523ac473db4ab7cd3bb39df1450) Importer(815301076,1909f56bfc062723c751e8b465ee728b)
Start importing Assets/PNG/barHorizontal_shadow_left.png using Guid(a1460523ac473db4ab7cd3bb39df1450) Importer(815301076,1909f56bfc062723c751e8b465ee728b)  -> (artifact id: '608ab75481f837dc3f910837fed0daba') in 0.009152 seconds 
========================================================================
Received Import Request.
  Time since last request: 0.000027 seconds.
  path: Assets/PNG/barVertical_blue_top.png
  artifactKey: Guid(7d0d679a3555c8f4ca988366b2426ccb) Importer(815301076,1909f56bfc062723c751e8b465ee728b)
Start importing Assets/PNG/barVertical_blue_top.png using Guid(7d0d679a3555c8f4ca988366b2426ccb) Importer(815301076,1909f56bfc062723c751e8b465ee728b)  -> (artifact id: '6af256501973852113cbf895a37d657e') in 0.007520 seconds 
========================================================================
Received Import Request.
  Time since last request: 0.000030 seconds.
  path: Assets/PNG/barVertical_blue_bottom.png
  artifactKey: Guid(1960ed495cd2e8e45a15abdfbbfd2dd2) Importer(815301076,1909f56bfc062723c751e8b465ee728b)
Start importing Assets/PNG/barVertical_blue_bottom.png using Guid(1960ed495cd2e8e45a15abdfbbfd2dd2) Importer(815301076,1909f56bfc062723c751e8b465ee728b)  -> (artifact id: '00059d38f2e8ee37a9c73c6493b2784c') in 0.019605 seconds 
========================================================================
Received Import Request.
  Time since last request: 0.000019 seconds.
  path: Assets/PNG/barHorizontal_white_mid.png
  artifactKey: Guid(b251ed11506dd27418132682c44c3b77) Importer(815301076,1909f56bfc062723c751e8b465ee728b)
Start importing Assets/PNG/barHorizontal_white_mid.png using Guid(b251ed11506dd27418132682c44c3b77) Importer(815301076,1909f56bfc062723c751e8b465ee728b)  -> (artifact id: '06c7bf220a7b5f7b7112fc122432f867') in 0.008907 seconds 
========================================================================
Received Import Request.
  Time since last request: 0.000025 seconds.
  path: Assets/PNG/barVertical_green_mid.png
  artifactKey: Guid(b9ae2bd73b172f5449e8ae0c10572ffb) Importer(815301076,1909f56bfc062723c751e8b465ee728b)
Start importing Assets/PNG/barVertical_green_mid.png using Guid(b9ae2bd73b172f5449e8ae0c10572ffb) Importer(815301076,1909f56bfc062723c751e8b465ee728b)  -> (artifact id: 'd80c2d347a42b9fbf94116013a72aa4c') in 0.009366 seconds 
========================================================================
Received Import Request.
  Time since last request: 0.000021 seconds.
  path: Assets/PNG/barVertical_green_top.png
  artifactKey: Guid(805c42c60e2a82a4daaee3ada2be4bc4) Importer(815301076,1909f56bfc062723c751e8b465ee728b)
Start importing Assets/PNG/barVertical_green_top.png using Guid(805c42c60e2a82a4daaee3ada2be4bc4) Importer(815301076,1909f56bfc062723c751e8b465ee728b)  -> (artifact id: '4a850e85fff56e721ece309f04bdac42') in 0.014043 seconds 
========================================================================
Received Import Request.
  Time since last request: 1.287599 seconds.
  path: Assets/PNG/barVertical_shadow_bottom.png
  artifactKey: Guid(9237fffe31ee04e45adda36d2d74ff67) Importer(815301076,1909f56bfc062723c751e8b465ee728b)
Start importing Assets/PNG/barVertical_shadow_bottom.png using Guid(9237fffe31ee04e45adda36d2d74ff67) Importer(815301076,1909f56bfc062723c751e8b465ee728b)  -> (artifact id: 'b8d2bac1870d95992b3e75bddab3a0db') in 0.004909 seconds 
========================================================================
Received Import Request.
  Time since last request: 0.000023 seconds.
  path: Assets/PNG/barVertical_white_top.png
  artifactKey: Guid(c78b16af9bf326e4f848552a03c124fc) Importer(815301076,1909f56bfc062723c751e8b465ee728b)
Start importing Assets/PNG/barVertical_white_top.png using Guid(c78b16af9bf326e4f848552a03c124fc) Importer(815301076,1909f56bfc062723c751e8b465ee728b)  -> (artifact id: '9009339c5fc355dad4efcfc89f8172ba') in 0.005545 seconds 
========================================================================
Received Import Request.
  Time since last request: 0.000017 seconds.
  path: Assets/PNG/barVertical_yellow_bottom.png
  artifactKey: Guid(ad43c3e65a4ff114a9b81209571c711f) Importer(815301076,1909f56bfc062723c751e8b465ee728b)
Start importing Assets/PNG/barVertical_yellow_bottom.png using Guid(ad43c3e65a4ff114a9b81209571c711f) Importer(815301076,1909f56bfc062723c751e8b465ee728b)  -> (artifact id: 'a0f8963899ee4531130b9defd9d62d89') in 0.004836 seconds 
========================================================================
Received Import Request.
  Time since last request: 0.000017 seconds.
  path: Assets/PNG/barVertical_white_mid.png
  artifactKey: Guid(6c840040729a2fd49ac68dae168138ba) Importer(815301076,1909f56bfc062723c751e8b465ee728b)
Start importing Assets/PNG/barVertical_white_mid.png using Guid(6c840040729a2fd49ac68dae168138ba) Importer(815301076,1909f56bfc062723c751e8b465ee728b)  -> (artifact id: 'a61798ccda3d7ab553c329f69a700f98') in 0.005118 seconds 
========================================================================
Received Import Request.
  Time since last request: 34.634271 seconds.
  path: Assets/PNG/barHorizontal_blue_right.png
  artifactKey: Guid(9d4bda9f882004b4bb8c576cbf4c1b01) Importer(815301076,1909f56bfc062723c751e8b465ee728b)
Start importing Assets/PNG/barHorizontal_blue_right.png using Guid(9d4bda9f882004b4bb8c576cbf4c1b01) Importer(815301076,1909f56bfc062723c751e8b465ee728b)  -> (artifact id: '2a5169d9d3e34c073f7d60f07ce35bdf') in 0.006421 seconds 
========================================================================
Received Import Request.
  Time since last request: 0.000016 seconds.
  path: Assets/PNG/barVertical_red_bottom.png
  artifactKey: Guid(3cb3825e493545849b9077a1a59e4b51) Importer(815301076,1909f56bfc062723c751e8b465ee728b)
Start importing Assets/PNG/barVertical_red_bottom.png using Guid(3cb3825e493545849b9077a1a59e4b51) Importer(815301076,1909f56bfc062723c751e8b465ee728b)  -> (artifact id: '2ff6c4f36a0924f6105684e1b6adf67f') in 0.025753 seconds 
========================================================================
Received Import Request.
  Time since last request: 0.000018 seconds.
  path: Assets/PNG/barHorizontal_white_right.png
  artifactKey: Guid(189216f443efef3488b08f202f497650) Importer(815301076,1909f56bfc062723c751e8b465ee728b)
Start importing Assets/PNG/barHorizontal_white_right.png using Guid(189216f443efef3488b08f202f497650) Importer(815301076,1909f56bfc062723c751e8b465ee728b)  -> (artifact id: 'e78284d19e2ab11e4ebee792b808a126') in 0.023663 seconds 
========================================================================
Received Import Request.
  Time since last request: 0.000015 seconds.
  path: Assets/PNG/barVertical_white_bottom.png
  artifactKey: Guid(b78f46ebdc3a4cd4bb442e2229ca93ae) Importer(815301076,1909f56bfc062723c751e8b465ee728b)
Start importing Assets/PNG/barVertical_white_bottom.png using Guid(b78f46ebdc3a4cd4bb442e2229ca93ae) Importer(815301076,1909f56bfc062723c751e8b465ee728b)  -> (artifact id: 'c90652f2d04d257fafeba32b99c1e29b') in 0.011163 seconds 
========================================================================
Received Import Request.
  Time since last request: 0.000015 seconds.
  path: Assets/PNG/barHorizontal_green_mid.png
  artifactKey: Guid(318b7cfcba08d6543b808cf2569f4896) Importer(815301076,1909f56bfc062723c751e8b465ee728b)
Start importing Assets/PNG/barHorizontal_green_mid.png using Guid(318b7cfcba08d6543b808cf2569f4896) Importer(815301076,1909f56bfc062723c751e8b465ee728b)  -> (artifact id: '13c31d9633d1660e9e2bf00031479d65') in 0.016784 seconds 
========================================================================
Received Import Request.
  Time since last request: 0.000023 seconds.
  path: Assets/PNG/barVertical_yellow_mid.png
  artifactKey: Guid(d664ae87ec58d784180d44b9c2bd89df) Importer(815301076,1909f56bfc062723c751e8b465ee728b)
Start importing Assets/PNG/barVertical_yellow_mid.png using Guid(d664ae87ec58d784180d44b9c2bd89df) Importer(815301076,1909f56bfc062723c751e8b465ee728b)  -> (artifact id: '6493f84e90b8e9f99e46f8d0831dc3ed') in 0.017737 seconds 
========================================================================
Received Import Request.
  Time since last request: 0.000028 seconds.
  path: Assets/PNG/barVertical_red_mid.png
  artifactKey: Guid(64e77d3bf0ba90a41b387417815a52ac) Importer(815301076,1909f56bfc062723c751e8b465ee728b)
Start importing Assets/PNG/barVertical_red_mid.png using Guid(64e77d3bf0ba90a41b387417815a52ac) Importer(815301076,1909f56bfc062723c751e8b465ee728b)  -> (artifact id: '6ca61a4ce729c27b64b6fca1e3cc6308') in 0.046645 seconds 
========================================================================
Received Import Request.
  Time since last request: 0.000020 seconds.
  path: Assets/PNG/barVertical_green_bottom.png
  artifactKey: Guid(3bcc9a367040fb24b9903ca8c3ef457a) Importer(815301076,1909f56bfc062723c751e8b465ee728b)
Start importing Assets/PNG/barVertical_green_bottom.png using Guid(3bcc9a367040fb24b9903ca8c3ef457a) Importer(815301076,1909f56bfc062723c751e8b465ee728b)  -> (artifact id: 'b0cb595d6b1fd46401c93017694c09d2') in 0.006256 seconds 
========================================================================
Received Import Request.
  Time since last request: 0.000027 seconds.
  path: Assets/PNG/barHorizontal_white_mid.png
  artifactKey: Guid(b251ed11506dd27418132682c44c3b77) Importer(815301076,1909f56bfc062723c751e8b465ee728b)
Start importing Assets/PNG/barHorizontal_white_mid.png using Guid(b251ed11506dd27418132682c44c3b77) Importer(815301076,1909f56bfc062723c751e8b465ee728b)  -> (artifact id: 'bee02b514e2eed6fc52f4c095a1f56a0') in 0.006565 seconds 
========================================================================
Received Import Request.
  Time since last request: 0.000020 seconds.
  path: Assets/PNG/barHorizontal_green_left.png
  artifactKey: Guid(cd6912372672f334faaa18bba638b445) Importer(815301076,1909f56bfc062723c751e8b465ee728b)
Start importing Assets/PNG/barHorizontal_green_left.png using Guid(cd6912372672f334faaa18bba638b445) Importer(815301076,1909f56bfc062723c751e8b465ee728b)  -> (artifact id: 'f854130c520b22fd2c34e3f4566ec59d') in 0.006218 seconds 
========================================================================
Received Import Request.
  Time since last request: 0.000021 seconds.
  path: Assets/PNG/barHorizontal_yellow_left.png
  artifactKey: Guid(c1207be5905e16840bafac7f839ee16e) Importer(815301076,1909f56bfc062723c751e8b465ee728b)
Start importing Assets/PNG/barHorizontal_yellow_left.png using Guid(c1207be5905e16840bafac7f839ee16e) Importer(815301076,1909f56bfc062723c751e8b465ee728b)  -> (artifact id: '26017c7e09506ff670fb4b8065b66976') in 0.005320 seconds 
========================================================================
Received Import Request.
  Time since last request: 1.012176 seconds.
  path: Assets/PNG/crossair_blue.png
  artifactKey: Guid(4c84e044f33572c4ba807b6e595ec3e7) Importer(815301076,1909f56bfc062723c751e8b465ee728b)
Start importing Assets/PNG/crossair_blue.png using Guid(4c84e044f33572c4ba807b6e595ec3e7) Importer(815301076,1909f56bfc062723c751e8b465ee728b)  -> (artifact id: 'd26cc5c7cff5447d4534c159312bc48f') in 0.004703 seconds 
========================================================================
Received Import Request.
  Time since last request: 0.000014 seconds.
  path: Assets/PNG/crossair_whiteOutline.png
  artifactKey: Guid(6596f5fe43f9c2542b0ae84240ec89ca) Importer(815301076,1909f56bfc062723c751e8b465ee728b)
Start importing Assets/PNG/crossair_whiteOutline.png using Guid(6596f5fe43f9c2542b0ae84240ec89ca) Importer(815301076,1909f56bfc062723c751e8b465ee728b)  -> (artifact id: '4bc7598e7259d4371637cc86965e3293') in 0.005691 seconds 
========================================================================
Received Import Request.
  Time since last request: 0.000022 seconds.
  path: Assets/PNG/cursor_pointer3D_shadow.png
  artifactKey: Guid(b611f4ac257c6c84483aef8ef9077fe8) Importer(815301076,1909f56bfc062723c751e8b465ee728b)
Start importing Assets/PNG/cursor_pointer3D_shadow.png using Guid(b611f4ac257c6c84483aef8ef9077fe8) Importer(815301076,1909f56bfc062723c751e8b465ee728b)  -> (artifact id: '73fad974f384c7b86ea18b98cc17133d') in 0.005093 seconds 
========================================================================
Received Import Request.
  Time since last request: 0.000019 seconds.
  path: Assets/PNG/cursor_pointerFlat.png
  artifactKey: Guid(2aeceabf259cbdc4983b0e2312715d2d) Importer(815301076,1909f56bfc062723c751e8b465ee728b)
Start importing Assets/PNG/cursor_pointerFlat.png using Guid(2aeceabf259cbdc4983b0e2312715d2d) Importer(815301076,1909f56bfc062723c751e8b465ee728b)  -> (artifact id: 'ffb9dd699c15640c05997db261c52e18') in 0.005773 seconds 
========================================================================
Received Import Request.
  Time since last request: 0.000022 seconds.
  path: Assets/PNG/dotYellow.png
  artifactKey: Guid(1a1921f988da9db4da64eda2fb407357) Importer(815301076,1909f56bfc062723c751e8b465ee728b)
Start importing Assets/PNG/dotYellow.png using Guid(1a1921f988da9db4da64eda2fb407357) Importer(815301076,1909f56bfc062723c751e8b465ee728b)  -> (artifact id: '651e43154bd25a7dd4bc6407d1e87dc7') in 0.005591 seconds 
========================================================================
Received Import Request.
  Time since last request: 0.000027 seconds.
  path: Assets/PNG/glassPanel.png
  artifactKey: Guid(ca7a6fe90cc189b47b76c70b9e30cee8) Importer(815301076,1909f56bfc062723c751e8b465ee728b)
Start importing Assets/PNG/glassPanel.png using Guid(ca7a6fe90cc189b47b76c70b9e30cee8) Importer(815301076,1909f56bfc062723c751e8b465ee728b)  -> (artifact id: '11e3671ad9404e8f1b9d6d05d30ce7f7') in 0.005918 seconds 
========================================================================
Received Import Request.
  Time since last request: 0.000013 seconds.
  path: Assets/PNG/dotRed.png
  artifactKey: Guid(e498ea2304ea7424c8d0f0846fe16011) Importer(815301076,1909f56bfc062723c751e8b465ee728b)
Start importing Assets/PNG/dotRed.png using Guid(e498ea2304ea7424c8d0f0846fe16011) Importer(815301076,1909f56bfc062723c751e8b465ee728b)  -> (artifact id: 'e6025368b53d209df3768234d85931c6') in 0.005370 seconds 
========================================================================
Received Import Request.
  Time since last request: 0.000017 seconds.
  path: Assets/PNG/cursor_hand.png
  artifactKey: Guid(45747403d5923dd4fb6a79ee569ac0cd) Importer(815301076,1909f56bfc062723c751e8b465ee728b)
Start importing Assets/PNG/cursor_hand.png using Guid(45747403d5923dd4fb6a79ee569ac0cd) Importer(815301076,1909f56bfc062723c751e8b465ee728b)  -> (artifact id: 'e33b375aece9d6d21149e0525daffe6e') in 0.004936 seconds 
========================================================================
Received Import Request.
  Time since last request: 0.000022 seconds.
  path: Assets/PNG/glassPanel_cornerBR.png
  artifactKey: Guid(0a862e4e310df6d49af4b3046bb74881) Importer(815301076,1909f56bfc062723c751e8b465ee728b)
Start importing Assets/PNG/glassPanel_cornerBR.png using Guid(0a862e4e310df6d49af4b3046bb74881) Importer(815301076,1909f56bfc062723c751e8b465ee728b)  -> (artifact id: '8743edbf5cf395e40c209ce48f72c944') in 0.005150 seconds 
========================================================================
Received Import Request.
  Time since last request: 13.298169 seconds.
  path: Assets/PNG/metalPanel_blueCorner.png
  artifactKey: Guid(517c32f764648b947993db96613004aa) Importer(815301076,1909f56bfc062723c751e8b465ee728b)
Start importing Assets/PNG/metalPanel_blueCorner.png using Guid(517c32f764648b947993db96613004aa) Importer(815301076,1909f56bfc062723c751e8b465ee728b)  -> (artifact id: '7817397625a579cafba3329fbbe8fc9c') in 0.006514 seconds 
========================================================================
Received Import Request.
  Time since last request: 0.000016 seconds.
  path: Assets/PNG/metalPanel_plate.png
  artifactKey: Guid(9ab7785affcd9e642bb7c5a428e9e46d) Importer(815301076,1909f56bfc062723c751e8b465ee728b)
Start importing Assets/PNG/metalPanel_plate.png using Guid(9ab7785affcd9e642bb7c5a428e9e46d) Importer(815301076,1909f56bfc062723c751e8b465ee728b)  -> (artifact id: '19a7091c1d9ac8ffd7a32c52e82f96f4') in 0.006002 seconds 
========================================================================
Received Import Request.
  Time since last request: 0.000019 seconds.
  path: Assets/PNG/metalPanel_redCorner.png
  artifactKey: Guid(91f0b78c2b18f3842b996d245acb741a) Importer(815301076,1909f56bfc062723c751e8b465ee728b)
Start importing Assets/PNG/metalPanel_redCorner.png using Guid(91f0b78c2b18f3842b996d245acb741a) Importer(815301076,1909f56bfc062723c751e8b465ee728b)  -> (artifact id: '2716e98c138eaff9185f230bc7186252') in 0.005836 seconds 
========================================================================
Received Import Request.
  Time since last request: 240.770771 seconds.
  path: Assets/PNG/squareBlue.png
  artifactKey: Guid(dcb53a64acfd53345aebbeaf5e63f843) Importer(815301076,1909f56bfc062723c751e8b465ee728b)
Start importing Assets/PNG/squareBlue.png using Guid(dcb53a64acfd53345aebbeaf5e63f843) Importer(815301076,1909f56bfc062723c751e8b465ee728b)  -> (artifact id: 'cbfc6bfa1c1cf28a39acf48f30cf461d') in 0.005488 seconds 
========================================================================
Received Import Request.
  Time since last request: 0.000021 seconds.
  path: Assets/PNG/squareWhite.png
  artifactKey: Guid(18e5be838a221394a9b77a1c3fa6bdeb) Importer(815301076,1909f56bfc062723c751e8b465ee728b)
Start importing Assets/PNG/squareWhite.png using Guid(18e5be838a221394a9b77a1c3fa6bdeb) Importer(815301076,1909f56bfc062723c751e8b465ee728b)  -> (artifact id: '4823efbbd4b7104bf73f82080704d1f6') in 0.005175 seconds 
========================================================================
Received Import Request.
  Time since last request: 0.000022 seconds.
  path: Assets/PNG/squareYellow.png
  artifactKey: Guid(1dd980c949d208d4da76cc4f2eac3dcc) Importer(815301076,1909f56bfc062723c751e8b465ee728b)
Start importing Assets/PNG/squareYellow.png using Guid(1dd980c949d208d4da76cc4f2eac3dcc) Importer(815301076,1909f56bfc062723c751e8b465ee728b)  -> (artifact id: 'fba5aff161d26be5c3c78f37ea127178') in 0.005316 seconds 
Editor requested this worker to shutdown with reason: Scaling down because of idle timeout
AssetImportWorker is now disconnected from the server
Process exiting
Exiting without the bug reporter. Application will terminate with return code 0